app/build/outputs/logs/manifest-merger-debug-report.txt
-- Merging decision tree log ---
provider#android.support.v4.content.FileProvider
INJECTED from src\main\AndroidManifest.xml:211:9-219:20
	android:grantUriPermissions
		ADDED from src\main\AndroidManifest.xml:215:13-47
	android:authorities
		INJECTED from src\main\AndroidManifest.xml
		ADDED from src\main\AndroidManifest.xml:213:13-51
	android:exported
		ADDED from src\main\AndroidManifest.xml:214:13-37
	android:name
		ADDED from src\main\AndroidManifest.xml:212:13-67
manifest
ADDED from src\main\AndroidManifest.xml:2:1-275:12
INJECTED from src\main\AndroidManifest.xml:2:1-275:12
INJECTED from src\main\AndroidManifest.xml:2:1-275:12
INJECTED from src\main\AndroidManifest.xml:2:1-275:12
MERGED from [com.heinrichreimersoftware:material-intro:1.6.2] AndroidManifest.xml:25:1-35:12
MERGED from [com.android.databinding:adapters:3.2.0-alpha08] AndroidManifest.xml:17:1-24:12
MERGED from [com.android.databinding:library:3.2.0-alpha08] AndroidManifest.xml:17:1-24:12
MERGED from [com.jakewharton.hugo:hugo-runtime:1.2.1] AndroidManifest.xml:2:1-11:12
MERGED from [com.google.firebase:firebase-core:11.6.2] AndroidManifest.xml:2:1-6:12
MERGED from [com.android.support:multidex:1.0.2] AndroidManifest.xml:17:1-22:12
MERGED from [com.android.support.constraint:constraint-layout:1.0.2] AndroidManifest.xml:2:1-11:12
MERGED from [com.google.firebase:firebase-config:11.6.2] AndroidManifest.xml:16:1-19:12
MERGED from [com.google.firebase:firebase-messaging:11.6.2] AndroidManifest.xml:16:1-30:12
MERGED from [com.google.firebase:firebase-perf:11.6.2] AndroidManifest.xml:16:1-30:12
MERGED from [com.android.support:preference-v14:27.1.0] AndroidManifest.xml:17:1-22:12
MERGED from [com.github.kabouzeid:AndroidSlidingUpPanel:3.3.0-kmod3] AndroidManifest.xml:2:1-11:12
MERGED from [de.psdev.licensesdialog:licensesdialog:1.8.3] AndroidManifest.xml:16:6-20:12
MERGED from [com.google.firebase:firebase-analytics:11.6.2] AndroidManifest.xml:16:1-35:12
MERGED from [com.google.android.gms:play-services-base:11.6.2] AndroidManifest.xml:16:1-21:12
MERGED from [com.google.firebase:firebase-analytics-impl:11.6.2] AndroidManifest.xml:16:1-29:12
MERGED from [com.google.firebase:firebase-iid:11.6.2] AndroidManifest.xml:16:1-47:12
MERGED from [com.google.firebase:firebase-common:11.6.2] AndroidManifest.xml:2:1-8:12
MERGED from [com.google.android.gms:play-services-tasks:11.6.2] AndroidManifest.xml:2:1-5:12
MERGED from [com.google.android.gms:play-services-basement:11.6.2] AndroidManifest.xml:16:1-23:12
MERGED from [com.github.kabouzeid:app-theme-helper:1.3.7] AndroidManifest.xml:2:1-17:12
MERGED from [com.android.support:design:27.1.0] AndroidManifest.xml:17:1-22:12
MERGED from [com.android.support:preference-v7:27.1.0] AndroidManifest.xml:17:1-22:12
MERGED from [com.afollestad.material-dialogs:commons:0.9.4.5] AndroidManifest.xml:2:1-14:12
MERGED from [com.afollestad.material-dialogs:core:0.9.4.5] AndroidManifest.xml:2:1-15:12
MERGED from [com.android.support:support-v13:27.1.0] AndroidManifest.xml:17:1-22:12
MERGED from [com.android.support:support-v4:27.1.0] AndroidManifest.xml:17:1-22:12
MERGED from [com.github.kabouzeid:SeekArc:1.2-kmod] AndroidManifest.xml:25:1-37:12
MERGED from [com.afollestad:material-cab:0.1.12] AndroidManifest.xml:2:1-14:12
MERGED from [me.zhanghai.android.materialprogressbar:library:1.4.1] AndroidManifest.xml:6:1-16:12
MERGED from [com.github.gsotti:EqualizerView:v0.2] AndroidManifest.xml:2:1-17:12
MERGED from [com.h6ah4i.android.widget.advrecyclerview:advrecyclerview:0.11.0] AndroidManifest.xml:17:1-27:12
MERGED from [com.android.support:appcompat-v7:27.1.0] AndroidManifest.xml:17:1-22:12
MERGED from [com.android.support:support-fragment:27.1.0] AndroidManifest.xml:17:1-22:12
MERGED from [com.android.support:gridlayout-v7:27.1.0] AndroidManifest.xml:17:1-22:12
MERGED from [com.android.support:animated-vector-drawable:27.1.0] AndroidManifest.xml:17:1-22:12
MERGED from [com.github.kabouzeid:RecyclerView-FastScroll:1.0.16-kmod] AndroidManifest.xml:2:1-9:12
MERGED from [com.github.ksoichiro:android-observablescrollview:1.6.0] AndroidManifest.xml:17:1-23:12
MERGED from [com.android.support:recyclerview-v7:27.1.0] AndroidManifest.xml:17:1-22:12
MERGED from [com.android.support:support-core-ui:27.1.0] AndroidManifest.xml:17:1-22:12
MERGED from [com.android.support:support-media-compat:27.1.0] AndroidManifest.xml:17:1-22:12
MERGED from [com.android.support:palette-v7:27.1.0] AndroidManifest.xml:17:1-22:12
MERGED from [com.android.support:percent:27.1.0] AndroidManifest.xml:17:1-22:12
MERGED from [com.jakewharton:butterknife:8.8.1] AndroidManifest.xml:2:1-7:12
MERGED from [com.android.support:support-core-utils:27.1.0] AndroidManifest.xml:17:1-22:12
MERGED from [com.android.support:support-vector-drawable:27.1.0] AndroidManifest.xml:17:1-22:12
MERGED from [com.android.support:transition:27.1.0] AndroidManifest.xml:17:1-22:12
MERGED from [com.android.support:support-compat:27.1.0] AndroidManifest.xml:17:1-22:12
MERGED from [com.android.support:cardview-v7:27.1.0] AndroidManifest.xml:17:1-22:12
MERGED from [android.arch.lifecycle:runtime:1.1.0] AndroidManifest.xml:17:1-22:12
MERGED from [android.arch.lifecycle:livedata-core:1.1.0] AndroidManifest.xml:17:1-22:12
MERGED from [android.arch.core:runtime:1.1.0] AndroidManifest.xml:17:1-22:12
MERGED from [de.hdodenhof:circleimageview:2.2.0] AndroidManifest.xml:2:1-11:12
MERGED from [com.facebook.shimmer:shimmer:0.1.0] AndroidManifest.xml:2:1-11:12
MERGED from [com.chibde:audiovisualizer:2.0.0] AndroidManifest.xml:2:1-16:12
MERGED from [io.reactivex.rxjava2:rxandroid:2.0.1] AndroidManifest.xml:15:1-21:12
MERGED from [com.google.firebase:firebase-config-license:11.6.2] AndroidManifest.xml:2:1-6:12
MERGED from [com.google.firebase:firebase-messaging-license:11.6.2] AndroidManifest.xml:2:1-6:12
MERGED from [com.google.firebase:firebase-perf-license:11.6.2] AndroidManifest.xml:2:1-6:12
MERGED from [android.arch.lifecycle:viewmodel:1.1.0] AndroidManifest.xml:17:1-22:12
MERGED from [com.google.firebase:firebase-analytics-license:11.6.2] AndroidManifest.xml:2:1-6:12
MERGED from [com.google.android.gms:play-services-base-license:11.6.2] AndroidManifest.xml:2:1-6:12
MERGED from [com.google.android.gms:play-services-basement-license:11.6.2] AndroidManifest.xml:2:1-6:12
MERGED from [com.google.firebase:firebase-iid-license:11.6.2] AndroidManifest.xml:2:1-6:12
MERGED from [com.google.firebase:firebase-common-license:11.6.2] AndroidManifest.xml:2:1-6:12
MERGED from [com.google.android.gms:play-services-tasks-license:11.6.2] AndroidManifest.xml:2:1-6:12
MERGED from [com.google.firebase:firebase-analytics-impl-license:11.6.2] AndroidManifest.xml:2:1-6:12
INJECTED from src\main\AndroidManifest.xml:2:1-275:12
INJECTED from src\main\AndroidManifest.xml:2:1-275:12
INJECTED from src\main\AndroidManifest.xml:2:1-275:12
	package
		ADDED from src\main\AndroidManifest.xml:4:5-36
		INJECTED from src\main\AndroidManifest.xml
		INJECTED from src\main\AndroidManifest.xml
	android:versionName
		INJECTED from src\main\AndroidManifest.xml
		ADDED from src\main\AndroidManifest.xml:2:1-275:12
		INJECTED from src\main\AndroidManifest.xml
	xmlns:tools
		ADDED from src\main\AndroidManifest.xml:3:5-51
	android:versionCode
		INJECTED from src\main\AndroidManifest.xml
		ADDED from src\main\AndroidManifest.xml:2:1-275:12
		INJECTED from src\main\AndroidManifest.xml
	xmlns:android
		ADDED from src\main\AndroidManifest.xml:2:11-69
uses-permission#android.permission.WAKE_LOCK
ADDED from src\main\AndroidManifest.xml:6:5-68
MERGED from [com.google.firebase:firebase-analytics:11.6.2] AndroidManifest.xml:22:5-67
MERGED from [com.google.firebase:firebase-analytics:11.6.2] AndroidManifest.xml:22:5-67
MERGED from [com.google.firebase:firebase-analytics-impl:11.6.2] AndroidManifest.xml:22:5-67
MERGED from [com.google.firebase:firebase-analytics-impl:11.6.2] AndroidManifest.xml:22:5-67
MERGED from [com.google.firebase:firebase-iid:11.6.2] AndroidManifest.xml:21:5-67
MERGED from [com.google.firebase:firebase-iid:11.6.2] AndroidManifest.xml:21:5-67
	android:name
		ADDED from src\main\AndroidManifest.xml:6:22-65
uses-permission#android.permission.READ_EXTERNAL_STORAGE
ADDED from src\main\AndroidManifest.xml:7:5-80
	android:name
		ADDED from src\main\AndroidManifest.xml:7:22-77
uses-permission#android.permission.WRITE_EXTERNAL_STORAGE
ADDED from src\main\AndroidManifest.xml:8:5-81
	android:name
		ADDED from src\main\AndroidManifest.xml:8:22-78
uses-permission#android.permission.INTERNET
ADDED from src\main\AndroidManifest.xml:9:5-67
MERGED from [com.google.firebase:firebase-perf:11.6.2] AndroidManifest.xml:18:5-66
MERGED from [com.google.firebase:firebase-perf:11.6.2] AndroidManifest.xml:18:5-66
MERGED from [com.google.firebase:firebase-analytics:11.6.2] AndroidManifest.xml:20:5-66
MERGED from [com.google.firebase:firebase-analytics:11.6.2] AndroidManifest.xml:20:5-66
MERGED from [com.google.firebase:firebase-analytics-impl:11.6.2] AndroidManifest.xml:20:5-66
MERGED from [com.google.firebase:firebase-analytics-impl:11.6.2] AndroidManifest.xml:20:5-66
MERGED from [com.google.firebase:firebase-iid:11.6.2] AndroidManifest.xml:20:5-66
MERGED from [com.google.firebase:firebase-iid:11.6.2] AndroidManifest.xml:20:5-66
	android:name
		ADDED from src\main\AndroidManifest.xml:9:22-64
uses-permission#android.permission.ACCESS_NETWORK_STATE
ADDED from src\main\AndroidManifest.xml:10:5-79
MERGED from [com.google.firebase:firebase-analytics:11.6.2] AndroidManifest.xml:21:5-78
MERGED from [com.google.firebase:firebase-analytics:11.6.2] AndroidManifest.xml:21:5-78
MERGED from [com.google.firebase:firebase-analytics-impl:11.6.2] AndroidManifest.xml:21:5-78
MERGED from [com.google.firebase:firebase-analytics-impl:11.6.2] AndroidManifest.xml:21:5-78
MERGED from [com.google.firebase:firebase-iid:11.6.2] AndroidManifest.xml:19:5-78
MERGED from [com.google.firebase:firebase-iid:11.6.2] AndroidManifest.xml:19:5-78
	android:name
		ADDED from src\main\AndroidManifest.xml:10:22-76
uses-permission#android.permission.BROADCAST_STICKY
ADDED from src\main\AndroidManifest.xml:11:5-75
	android:name
		ADDED from src\main\AndroidManifest.xml:11:22-72
uses-permission#android.permission.WRITE_SETTINGS
ADDED from src\main\AndroidManifest.xml:12:5-73
	android:name
		ADDED from src\main\AndroidManifest.xml:12:22-70
uses-permission#android.permission.RECEIVE_BOOT_COMPLETED
ADDED from src\main\AndroidManifest.xml:13:5-81
	android:name
		ADDED from src\main\AndroidManifest.xml:13:22-78
uses-permission#com.android.vending.BILLING
ADDED from src\main\AndroidManifest.xml:14:5-67
	android:name
		ADDED from src\main\AndroidManifest.xml:14:22-64
uses-permission#android.permission.RECORD_AUDIO
ADDED from src\main\AndroidManifest.xml:15:5-71
MERGED from [com.chibde:audiovisualizer:2.0.0] AndroidManifest.xml:11:5-71
MERGED from [com.chibde:audiovisualizer:2.0.0] AndroidManifest.xml:11:5-71
	android:name
		ADDED from src\main\AndroidManifest.xml:15:22-68
application
ADDED from src\main\AndroidManifest.xml:20:5-273:19
MERGED from [com.jakewharton.hugo:hugo-runtime:1.2.1] AndroidManifest.xml:9:5-20
MERGED from [com.jakewharton.hugo:hugo-runtime:1.2.1] AndroidManifest.xml:9:5-20
MERGED from [com.google.firebase:firebase-core:11.6.2] AndroidManifest.xml:5:5-20
MERGED from [com.google.firebase:firebase-core:11.6.2] AndroidManifest.xml:5:5-20
MERGED from [com.android.support.constraint:constraint-layout:1.0.2] AndroidManifest.xml:9:5-20
MERGED from [com.android.support.constraint:constraint-layout:1.0.2] AndroidManifest.xml:9:5-20
MERGED from [com.google.firebase:firebase-config:11.6.2] AndroidManifest.xml:18:5-19
MERGED from [com.google.firebase:firebase-config:11.6.2] AndroidManifest.xml:18:5-19
MERGED from [com.google.firebase:firebase-messaging:11.6.2] AndroidManifest.xml:19:5-29:19
MERGED from [com.google.firebase:firebase-messaging:11.6.2] AndroidManifest.xml:19:5-29:19
MERGED from [com.google.firebase:firebase-perf:11.6.2] AndroidManifest.xml:23:5-25:19
MERGED from [com.google.firebase:firebase-perf:11.6.2] AndroidManifest.xml:23:5-25:19
MERGED from [com.github.kabouzeid:AndroidSlidingUpPanel:3.3.0-kmod3] AndroidManifest.xml:9:5-20
MERGED from [com.github.kabouzeid:AndroidSlidingUpPanel:3.3.0-kmod3] AndroidManifest.xml:9:5-20
MERGED from [de.psdev.licensesdialog:licensesdialog:1.8.3] AndroidManifest.xml:19:5-19
MERGED from [de.psdev.licensesdialog:licensesdialog:1.8.3] AndroidManifest.xml:19:5-19
MERGED from [com.google.firebase:firebase-analytics:11.6.2] AndroidManifest.xml:24:5-34:19
MERGED from [com.google.firebase:firebase-analytics:11.6.2] AndroidManifest.xml:24:5-34:19
MERGED from [com.google.android.gms:play-services-base:11.6.2] AndroidManifest.xml:18:5-20:19
MERGED from [com.google.android.gms:play-services-base:11.6.2] AndroidManifest.xml:18:5-20:19
MERGED from [com.google.firebase:firebase-analytics-impl:11.6.2] AndroidManifest.xml:24:5-28:19
MERGED from [com.google.firebase:firebase-analytics-impl:11.6.2] AndroidManifest.xml:24:5-28:19
MERGED from [com.google.firebase:firebase-iid:11.6.2] AndroidManifest.xml:29:5-46:19
MERGED from [com.google.firebase:firebase-iid:11.6.2] AndroidManifest.xml:29:5-46:19
MERGED from [com.google.firebase:firebase-common:11.6.2] AndroidManifest.xml:4:5-7:19
MERGED from [com.google.firebase:firebase-common:11.6.2] AndroidManifest.xml:4:5-7:19
MERGED from [com.google.android.gms:play-services-tasks:11.6.2] AndroidManifest.xml:4:5-19
MERGED from [com.google.android.gms:play-services-tasks:11.6.2] AndroidManifest.xml:4:5-19
MERGED from [com.google.android.gms:play-services-basement:11.6.2] AndroidManifest.xml:19:5-21:19
MERGED from [com.google.android.gms:play-services-basement:11.6.2] AndroidManifest.xml:19:5-21:19
MERGED from [com.github.kabouzeid:app-theme-helper:1.3.7] AndroidManifest.xml:11:5-15:19
MERGED from [com.github.kabouzeid:app-theme-helper:1.3.7] AndroidManifest.xml:11:5-15:19
MERGED from [com.afollestad.material-dialogs:commons:0.9.4.5] AndroidManifest.xml:12:5-20
MERGED from [com.afollestad.material-dialogs:commons:0.9.4.5] AndroidManifest.xml:12:5-20
MERGED from [com.afollestad.material-dialogs:core:0.9.4.5] AndroidManifest.xml:13:5-20
MERGED from [com.afollestad.material-dialogs:core:0.9.4.5] AndroidManifest.xml:13:5-20
MERGED from [com.github.kabouzeid:SeekArc:1.2-kmod] AndroidManifest.xml:35:5-20
MERGED from [com.github.kabouzeid:SeekArc:1.2-kmod] AndroidManifest.xml:35:5-20
MERGED from [com.afollestad:material-cab:0.1.12] AndroidManifest.xml:12:5-20
MERGED from [com.afollestad:material-cab:0.1.12] AndroidManifest.xml:12:5-20
MERGED from [com.github.gsotti:EqualizerView:v0.2] AndroidManifest.xml:11:5-15:19
MERGED from [com.github.gsotti:EqualizerView:v0.2] AndroidManifest.xml:11:5-15:19
MERGED from [de.hdodenhof:circleimageview:2.2.0] AndroidManifest.xml:9:5-20
MERGED from [de.hdodenhof:circleimageview:2.2.0] AndroidManifest.xml:9:5-20
MERGED from [com.chibde:audiovisualizer:2.0.0] AndroidManifest.xml:13:5-14:19
MERGED from [com.chibde:audiovisualizer:2.0.0] AndroidManifest.xml:13:5-14:19
MERGED from [com.google.firebase:firebase-config-license:11.6.2] AndroidManifest.xml:5:5-20
MERGED from [com.google.firebase:firebase-config-license:11.6.2] AndroidManifest.xml:5:5-20
MERGED from [com.google.firebase:firebase-messaging-license:11.6.2] AndroidManifest.xml:5:5-20
MERGED from [com.google.firebase:firebase-messaging-license:11.6.2] AndroidManifest.xml:5:5-20
MERGED from [com.google.firebase:firebase-perf-license:11.6.2] AndroidManifest.xml:5:5-20
MERGED from [com.google.firebase:firebase-perf-license:11.6.2] AndroidManifest.xml:5:5-20
MERGED from [com.google.firebase:firebase-analytics-license:11.6.2] AndroidManifest.xml:5:5-20
MERGED from [com.google.firebase:firebase-analytics-license:11.6.2] AndroidManifest.xml:5:5-20
MERGED from [com.google.android.gms:play-services-base-license:11.6.2] AndroidManifest.xml:5:5-20
MERGED from [com.google.android.gms:play-services-base-license:11.6.2] AndroidManifest.xml:5:5-20
MERGED from [com.google.android.gms:play-services-basement-license:11.6.2] AndroidManifest.xml:5:5-20
MERGED from [com.google.android.gms:play-services-basement-license:11.6.2] AndroidManifest.xml:5:5-20
MERGED from [com.google.firebase:firebase-iid-license:11.6.2] AndroidManifest.xml:5:5-20
MERGED from [com.google.firebase:firebase-iid-license:11.6.2] AndroidManifest.xml:5:5-20
MERGED from [com.google.firebase:firebase-common-license:11.6.2] AndroidManifest.xml:5:5-20
MERGED from [com.google.firebase:firebase-common-license:11.6.2] AndroidManifest.xml:5:5-20
MERGED from [com.google.android.gms:play-services-tasks-license:11.6.2] AndroidManifest.xml:5:5-20
MERGED from [com.google.android.gms:play-services-tasks-license:11.6.2] AndroidManifest.xml:5:5-20
MERGED from [com.google.firebase:firebase-analytics-impl-license:11.6.2] AndroidManifest.xml:5:5-20
MERGED from [com.google.firebase:firebase-analytics-impl-license:11.6.2] AndroidManifest.xml:5:5-20
	android:supportsRtl
		ADDED from src\main\AndroidManifest.xml:25:9-35
	android:label
		ADDED from src\main\AndroidManifest.xml:24:9-41
	tools:ignore
		ADDED from src\main\AndroidManifest.xml:27:9-39
	android:icon
		ADDED from src\main\AndroidManifest.xml:23:9-43
	android:allowBackup
		ADDED from src\main\AndroidManifest.xml:22:9-36
	android:theme
		ADDED from src\main\AndroidManifest.xml:26:9-54
	android:name
		ADDED from src\main\AndroidManifest.xml:21:9-28
activity#app.androidgrid.faysr.ui.activities.MainActivity
ADDED from src\main\AndroidManifest.xml:28:9-98:20
	android:name
		ADDED from src\main\AndroidManifest.xml:28:19-61
intent-filter#action:name:android.intent.action.MAIN+action:name:android.intent.action.MUSIC_PLAYER+category:name:android.intent.category.APP_MUSIC+category:name:android.intent.category.DEFAULT+category:name:android.intent.category.LAUNCHER
ADDED from src\main\AndroidManifest.xml:29:13-36:29
action#android.intent.action.MAIN
ADDED from src\main\AndroidManifest.xml:30:17-69
	android:name
		ADDED from src\main\AndroidManifest.xml:30:25-66
action#android.intent.action.MUSIC_PLAYER
ADDED from src\main\AndroidManifest.xml:31:17-77
	android:name
		ADDED from src\main\AndroidManifest.xml:31:25-74
category#android.intent.category.LAUNCHER
ADDED from src\main\AndroidManifest.xml:33:17-77
	android:name
		ADDED from src\main\AndroidManifest.xml:33:27-74
category#android.intent.category.APP_MUSIC
ADDED from src\main\AndroidManifest.xml:34:17-78
	android:name
		ADDED from src\main\AndroidManifest.xml:34:27-75
category#android.intent.category.DEFAULT
ADDED from src\main\AndroidManifest.xml:35:17-76
	android:name
		ADDED from src\main\AndroidManifest.xml:35:27-73
intent-filter#action:name:android.media.action.MEDIA_PLAY_FROM_SEARCH+category:name:android.intent.category.DEFAULT
ADDED from src\main\AndroidManifest.xml:37:13-41:29
action#android.media.action.MEDIA_PLAY_FROM_SEARCH
ADDED from src\main\AndroidManifest.xml:38:17-86
	android:name
		ADDED from src\main\AndroidManifest.xml:38:25-83
intent-filter#action:name:android.intent.action.VIEW+category:name:android.intent.category.DEFAULT+data:mimeType:application/itunes+data:mimeType:application/ogg+data:mimeType:application/x-ogg+data:mimeType:audio/*+data:scheme:content
ADDED from src\main\AndroidManifest.xml:42:13-52:29
action#android.intent.action.VIEW
ADDED from src\main\AndroidManifest.xml:43:17-69
	android:name
		ADDED from src\main\AndroidManifest.xml:43:25-66
data
ADDED from src\main\AndroidManifest.xml:47:17-50
	android:scheme
		ADDED from src\main\AndroidManifest.xml:47:23-47
	android:mimeType
		ADDED from src\main\AndroidManifest.xml:48:23-49
intent-filter#action:name:android.intent.action.VIEW+category:name:android.intent.category.DEFAULT+data:mimeType:application/itunes+data:mimeType:application/ogg+data:mimeType:application/x-ogg+data:mimeType:audio/*+data:scheme:file
ADDED from src\main\AndroidManifest.xml:53:13-63:29
intent-filter#action:name:android.intent.action.VIEW+category:name:android.intent.category.BROWSABLE+category:name:android.intent.category.DEFAULT+data:mimeType:application/itunes+data:mimeType:application/ogg+data:mimeType:application/x-ogg+data:mimeType:audio/*+data:scheme:http
ADDED from src\main\AndroidManifest.xml:64:13-75:29
category#android.intent.category.BROWSABLE
ADDED from src\main\AndroidManifest.xml:68:17-78
	android:name
		ADDED from src\main\AndroidManifest.xml:68:27-75
intent-filter#action:name:android.intent.action.VIEW+category:name:android.intent.category.DEFAULT+data:mimeType:vnd.android.cursor.dir/albums+data:mimeType:vnd.android.cursor.dir/artists+data:mimeType:vnd.android.cursor.dir/playlist
ADDED from src\main\AndroidManifest.xml:76:13-84:29
intent-filter#action:name:com.cyanogenmod.eleven.AUDIO_PLAYER+category:name:android.intent.category.DEFAULT
ADDED from src\main\AndroidManifest.xml:85:13-89:29
action#com.cyanogenmod.eleven.AUDIO_PLAYER
ADDED from src\main\AndroidManifest.xml:86:17-78
	android:name
		ADDED from src\main\AndroidManifest.xml:86:25-75
intent-filter#action:name:android.intent.action.PICK+category:name:android.intent.category.DEFAULT+category:name:android.intent.category.OPENABLE+data:mimeType:vnd.android.cursor.dir/audio
ADDED from src\main\AndroidManifest.xml:90:13-97:29
action#android.intent.action.PICK
ADDED from src\main\AndroidManifest.xml:91:17-69
	android:name
		ADDED from src\main\AndroidManifest.xml:91:25-66
category#android.intent.category.OPENABLE
ADDED from src\main\AndroidManifest.xml:94:17-77
	android:name
		ADDED from src\main\AndroidManifest.xml:94:27-74
activity#app.androidgrid.faysr.ui.activities.AlbumDetailActivity
ADDED from src\main\AndroidManifest.xml:99:9-71
	android:name
		ADDED from src\main\AndroidManifest.xml:99:19-68
activity#app.androidgrid.faysr.ui.activities.ArtistDetailActivity
ADDED from src\main\AndroidManifest.xml:100:9-72
	android:name
		ADDED from src\main\AndroidManifest.xml:100:19-69
activity#app.androidgrid.faysr.ui.activities.PlaylistDetailActivity
ADDED from src\main\AndroidManifest.xml:101:9-74
	android:name
		ADDED from src\main\AndroidManifest.xml:101:19-71
activity#app.androidgrid.faysr.ui.activities.tageditor.SongTagEditorActivity
ADDED from src\main\AndroidManifest.xml:102:9-104:58
	android:windowSoftInputMode
		ADDED from src\main\AndroidManifest.xml:104:13-55
	android:name
		ADDED from src\main\AndroidManifest.xml:103:13-74
activity#app.androidgrid.faysr.ui.activities.tageditor.AlbumTagEditorActivity
ADDED from src\main\AndroidManifest.xml:105:9-107:58
	android:windowSoftInputMode
		ADDED from src\main\AndroidManifest.xml:107:13-55
	android:name
		ADDED from src\main\AndroidManifest.xml:106:13-75
activity#app.androidgrid.faysr.ui.activities.SearchActivity
ADDED from src\main\AndroidManifest.xml:108:9-66
	android:name
		ADDED from src\main\AndroidManifest.xml:108:19-63
activity#app.androidgrid.faysr.ui.activities.SettingsActivity
ADDED from src\main\AndroidManifest.xml:109:9-111:55
	android:label
		ADDED from src\main\AndroidManifest.xml:111:13-52
	android:name
		ADDED from src\main\AndroidManifest.xml:110:13-59
activity#app.androidgrid.faysr.ui.activities.AboutActivity
ADDED from src\main\AndroidManifest.xml:112:9-114:52
	android:label
		ADDED from src\main\AndroidManifest.xml:114:13-49
	android:name
		ADDED from src\main\AndroidManifest.xml:113:13-56
activity#app.androidgrid.faysr.ui.activities.intro.AppIntroActivity
ADDED from src\main\AndroidManifest.xml:115:9-118:50
	android:label
		ADDED from src\main\AndroidManifest.xml:117:13-48
	android:theme
		ADDED from src\main\AndroidManifest.xml:118:13-47
	android:name
		ADDED from src\main\AndroidManifest.xml:116:13-65
activity#app.androidgrid.faysr.ui.activities.bugreport.BugReportActivity
ADDED from src\main\AndroidManifest.xml:119:9-121:55
	android:label
		ADDED from src\main\AndroidManifest.xml:121:13-52
	android:name
		ADDED from src\main\AndroidManifest.xml:120:13-70
activity#app.androidgrid.faysr.appshortcuts.AppShortcutLauncherActivity
ADDED from src\main\AndroidManifest.xml:122:9-125:75
	android:launchMode
		ADDED from src\main\AndroidManifest.xml:124:13-48
	android:theme
		ADDED from src\main\AndroidManifest.xml:125:13-72
	android:name
		ADDED from src\main\AndroidManifest.xml:123:13-69
service#app.androidgrid.faysr.service.MusicService
ADDED from src\main\AndroidManifest.xml:127:9-129:38
	android:enabled
		ADDED from src\main\AndroidManifest.xml:129:13-35
	android:name
		ADDED from src\main\AndroidManifest.xml:128:13-49
receiver#app.androidgrid.faysr.service.MediaButtonIntentReceiver
ADDED from src\main\AndroidManifest.xml:131:9-135:20
	android:name
		ADDED from src\main\AndroidManifest.xml:131:19-68
intent-filter#action:name:android.intent.action.MEDIA_BUTTON
ADDED from src\main\AndroidManifest.xml:132:13-134:29
action#android.intent.action.MEDIA_BUTTON
ADDED from src\main\AndroidManifest.xml:133:17-77
	android:name
		ADDED from src\main\AndroidManifest.xml:133:25-74
meta-data#android.max_aspect
ADDED from src\main\AndroidManifest.xml:137:9-139:35
	android:value
		ADDED from src\main\AndroidManifest.xml:139:13-32
	android:name
		ADDED from src\main\AndroidManifest.xml:138:13-46
meta-data#com.lge.support.SPLIT_WINDOW
ADDED from src\main\AndroidManifest.xml:140:9-142:36
	android:value
		ADDED from src\main\AndroidManifest.xml:142:13-33
	android:name
		ADDED from src\main\AndroidManifest.xml:141:13-56
meta-data#com.crashlytics.ApiKey
ADDED from src\main\AndroidManifest.xml:143:9-145:72
	android:value
		ADDED from src\main\AndroidManifest.xml:145:13-69
	android:name
		ADDED from src\main\AndroidManifest.xml:144:13-50
meta-data#app.androidgrid.faysr.glide.FaysrGlideModule
ADDED from src\main\AndroidManifest.xml:146:9-148:43
	android:value
		ADDED from src\main\AndroidManifest.xml:148:13-40
	android:name
		ADDED from src\main\AndroidManifest.xml:147:13-72
meta-data#com.bumptech.glide.integration.okhttp3.OkHttpGlideModule
ADDED from src\main\AndroidManifest.xml:149:9-151:43
	android:value
		ADDED from src\main\AndroidManifest.xml:151:13-40
	android:name
		ADDED from src\main\AndroidManifest.xml:150:13-84
receiver#app.androidgrid.faysr.appwidgets.BootReceiver
ADDED from src\main\AndroidManifest.xml:154:9-159:20
	android:name
		ADDED from src\main\AndroidManifest.xml:154:19-58
intent-filter#action:name:android.intent.action.BOOT_COMPLETED+action:name:android.intent.action.QUICKBOOT_POWERON
ADDED from src\main\AndroidManifest.xml:155:13-158:29
action#android.intent.action.BOOT_COMPLETED
ADDED from src\main\AndroidManifest.xml:156:17-79
	android:name
		ADDED from src\main\AndroidManifest.xml:156:25-76
action#android.intent.action.QUICKBOOT_POWERON
ADDED from src\main\AndroidManifest.xml:157:17-82
	android:name
		ADDED from src\main\AndroidManifest.xml:157:25-79
receiver#app.androidgrid.faysr.appwidgets.AppWidgetBig
ADDED from src\main\AndroidManifest.xml:160:9-171:20
	android:label
		ADDED from src\main\AndroidManifest.xml:163:13-56
	android:exported
		ADDED from src\main\AndroidManifest.xml:162:13-37
	android:name
		ADDED from src\main\AndroidManifest.xml:161:13-52
intent-filter#action:name:android.appwidget.action.APPWIDGET_UPDATE
ADDED from src\main\AndroidManifest.xml:164:13-166:29
action#android.appwidget.action.APPWIDGET_UPDATE
ADDED from src\main\AndroidManifest.xml:165:17-84
	android:name
		ADDED from src\main\AndroidManifest.xml:165:25-81
meta-data#android.appwidget.provider
ADDED from src\main\AndroidManifest.xml:168:13-170:63
	android:resource
		ADDED from src\main\AndroidManifest.xml:170:17-60
	android:name
		ADDED from src\main\AndroidManifest.xml:169:17-58
receiver#app.androidgrid.faysr.appwidgets.AppWidgetClassic
ADDED from src\main\AndroidManifest.xml:172:9-183:20
	android:label
		ADDED from src\main\AndroidManifest.xml:175:13-60
	android:exported
		ADDED from src\main\AndroidManifest.xml:174:13-37
	android:name
		ADDED from src\main\AndroidManifest.xml:173:13-56
receiver#app.androidgrid.faysr.appwidgets.AppWidgetSmall
ADDED from src\main\AndroidManifest.xml:184:9-195:20
	android:label
		ADDED from src\main\AndroidManifest.xml:187:13-58
	android:exported
		ADDED from src\main\AndroidManifest.xml:186:13-37
	android:name
		ADDED from src\main\AndroidManifest.xml:185:13-54
receiver#app.androidgrid.faysr.appwidgets.AppWidgetCard
ADDED from src\main\AndroidManifest.xml:196:9-207:20
	android:label
		ADDED from src\main\AndroidManifest.xml:199:13-57
	android:exported
		ADDED from src\main\AndroidManifest.xml:198:13-37
	android:name
		ADDED from src\main\AndroidManifest.xml:197:13-53
activity#app.androidgrid.faysr.ui.activities.PurchaseActivity
ADDED from src\main\AndroidManifest.xml:209:9-68
	android:name
		ADDED from src\main\AndroidManifest.xml:209:19-65
activity#app.androidgrid.faysr.ui.activities.under_development.UnderDevelopmentActivity
ADDED from src\main\AndroidManifest.xml:221:9-223:61
	android:theme
		ADDED from src\main\AndroidManifest.xml:223:13-58
	android:name
		ADDED from src\main\AndroidManifest.xml:222:13-85
activity#app.androidgrid.faysr.editor.RingdroidSelectActivity
ADDED from src\main\AndroidManifest.xml:226:9-238:20
	android:label
		ADDED from src\main\AndroidManifest.xml:228:13-56
	android:theme
		ADDED from src\main\AndroidManifest.xml:229:13-52
	android:name
		ADDED from src\main\AndroidManifest.xml:227:13-59
intent-filter#action:name:android.intent.action.GET_CONTENT+category:name:android.intent.category.DEFAULT+category:name:android.intent.category.OPENABLE+data:mimeType:audio/*
ADDED from src\main\AndroidManifest.xml:230:13-237:29
action#android.intent.action.GET_CONTENT
ADDED from src\main\AndroidManifest.xml:231:17-76
	android:name
		ADDED from src\main\AndroidManifest.xml:231:25-73
activity#app.androidgrid.faysr.editor.RingdroidEditActivity
ADDED from src\main\AndroidManifest.xml:246:9-257:20
	android:hardwareAccelerated
		ADDED from src\main\AndroidManifest.xml:249:13-47
	android:windowSoftInputMode
		ADDED from src\main\AndroidManifest.xml:251:13-55
	android:configChanges
		ADDED from src\main\AndroidManifest.xml:248:13-74